This is pdfTeX, Version 3.14159265-2.6-1.40.16 (TeX Live 2015/Debian) (preloaded format=pdflatex 2018.5.15)  17 MAY 2018 18:10
entering extended mode
 restricted \write18 enabled.
 %&-line parsing enabled.
**my_tex.tex
(./my_tex.tex
LaTeX2e <2016/02/01>
Babel <3.9q> and hyphenation patterns for 3 language(s) loaded.
(/usr/share/texlive/texmf-dist/tex/latex/base/article.cls
Document Class: article 2014/09/29 v1.4h Standard LaTeX document class
(/usr/share/texlive/texmf-dist/tex/latex/base/size10.clo
File: size10.clo 2014/09/29 v1.4h Standard LaTeX file (size option)
)
\c@part=\count79
\c@section=\count80
\c@subsection=\count81
\c@subsubsection=\count82
\c@paragraph=\count83
\c@subparagraph=\count84
\c@figure=\count85
\c@table=\count86
\abovecaptionskip=\skip41
\belowcaptionskip=\skip42
\bibindent=\dimen102
) (./my_tex.aux)
\openout1 = `my_tex.aux'.

LaTeX Font Info:    Checking defaults for OML/cmm/m/it on input line 3.
LaTeX Font Info:    ... okay on input line 3.
LaTeX Font Info:    Checking defaults for T1/cmr/m/n on input line 3.
LaTeX Font Info:    ... okay on input line 3.
LaTeX Font Info:    Checking defaults for OT1/cmr/m/n on input line 3.
LaTeX Font Info:    ... okay on input line 3.
LaTeX Font Info:    Checking defaults for OMS/cmsy/m/n on input line 3.
LaTeX Font Info:    ... okay on input line 3.
LaTeX Font Info:    Checking defaults for OMX/cmex/m/n on input line 3.
LaTeX Font Info:    ... okay on input line 3.
LaTeX Font Info:    Checking defaults for U/cmr/m/n on input line 3.
LaTeX Font Info:    ... okay on input line 3.
Missing character: There is no Ð in font cmr17!
Missing character: There is no ” in font cmr17!
Missing character: There is no Ð in font cmr17!
Missing character: There is no ¸ in font cmr17!
Missing character: There is no Ñ in font cmr17!
Missing character: There is no „ in font cmr17!
Missing character: There is no Ñ in font cmr17!
Missing character: There is no „ in font cmr17!
Missing character: There is no Ð in font cmr17!
Missing character: There is no µ in font cmr17!
Missing character: There is no Ñ in font cmr17!
Missing character: There is no € in font cmr17!
Missing character: There is no Ð in font cmr17!
Missing character: There is no µ in font cmr17!
Missing character: There is no Ð in font cmr17!
Missing character: There is no ½ in font cmr17!
Missing character: There is no Ñ in font cmr17!
Missing character: There is no † in font cmr17!
Missing character: There is no Ð in font cmr17!
Missing character: There is no ¸ in font cmr17!
Missing character: There is no Ñ in font cmr17!
Missing character: There is no € in font cmr17!
Missing character: There is no Ñ in font cmr17!
Missing character: There is no ƒ in font cmr17!
Missing character: There is no Ð in font cmr17!
Missing character: There is no µ in font cmr17!
Missing character: There is no Ð in font cmr17!
Missing character: There is no ¼ in font cmr17!
LaTeX Font Info:    External font `cmex10' loaded for size
(Font)              <12> on input line 5.
LaTeX Font Info:    External font `cmex10' loaded for size
(Font)              <8> on input line 5.
LaTeX Font Info:    External font `cmex10' loaded for size
(Font)              <6> on input line 5.
LaTeX Font Info:    Calculating math sizes for size <14> on input line 7.
LaTeX Font Info:    External font `cmex10' loaded for size
(Font)              <14> on input line 7.
LaTeX Font Info:    External font `cmex10' loaded for size
(Font)              <9.79996> on input line 7.
LaTeX Font Info:    External font `cmex10' loaded for size
(Font)              <7> on input line 7.

[1

{/var/lib/texmf/fonts/map/pdftex/updmap/pdftex.map}] (./my_tex.aux) ) 
Here is how much of TeX's memory you used:
 236 strings out of 494953
 2582 string characters out of 6180977
 47390 words of memory out of 5000000
 3598 multiletter control sequences out of 15000+600000
 7588 words of font info for 27 fonts, out of 8000000 for 9000
 14 hyphenation exceptions out of 8191
 23i,6n,17p,153b,187s stack positions out of 5000i,500n,10000p,200000b,80000s
</usr/shar
e/texlive/texmf-dist/fonts/type1/public/amsfonts/cm/cmmi12.pfb></usr/share/texl
ive/texmf-dist/fonts/type1/public/amsfonts/cm/cmr10.pfb></usr/share/texlive/tex
mf-dist/fonts/type1/public/amsfonts/cm/cmr12.pfb></usr/share/texlive/texmf-dist
/fonts/type1/public/amsfonts/cm/cmr17.pfb></usr/share/texlive/texmf-dist/fonts/
type1/public/amsfonts/cm/cmsy10.pfb>
Output written on my_tex.pdf (1 page, 41273 bytes).
PDF statistics:
 28 PDF objects out of 1000 (max. 8388607)
 19 compressed objects within 1 object stream
 0 named destinations out of 1000 (max. 500000)
 1 words of extra memory for PDF output out of 10000 (max. 10000000)

